<?xml version="1.0" encoding="UTF-8"?>
<testsuite xmlns:xsi="http://www.w3.org/2001/XMLSchema-instance" xsi:noNamespaceSchemaLocation="https://maven.apache.org/surefire/maven-surefire-plugin/xsd/surefire-test-report-3.0.xsd" version="3.0" name="com.mycompany.caesarscipher.CaesarsCipherTest" time="0.422" tests="10" errors="0" skipped="0" failures="0">
  <properties>
    <property name="java.specification.version" value="20"/>
    <property name="sun.cpu.isalist" value="amd64"/>
    <property name="sun.jnu.encoding" value="Cp1252"/>
    <property name="java.class.path" value="C:\Users\Divin\Documents\NetBeansProjects\caesarsCipher\target\test-classes;C:\Users\Divin\Documents\NetBeansProjects\caesarsCipher\target\classes;C:\Users\Divin\.m2\repository\org\junit\jupiter\junit-jupiter-api\5.6.0\junit-jupiter-api-5.6.0.jar;C:\Users\Divin\.m2\repository\org\apiguardian\apiguardian-api\1.1.0\apiguardian-api-1.1.0.jar;C:\Users\Divin\.m2\repository\org\opentest4j\opentest4j\1.2.0\opentest4j-1.2.0.jar;C:\Users\Divin\.m2\repository\org\junit\platform\junit-platform-commons\1.6.0\junit-platform-commons-1.6.0.jar;C:\Users\Divin\.m2\repository\org\junit\jupiter\junit-jupiter-params\5.6.0\junit-jupiter-params-5.6.0.jar;C:\Users\Divin\.m2\repository\org\junit\jupiter\junit-jupiter-engine\5.6.0\junit-jupiter-engine-5.6.0.jar;C:\Users\Divin\.m2\repository\org\junit\platform\junit-platform-engine\1.6.0\junit-platform-engine-1.6.0.jar;C:\Users\Divin\.m2\repository\org\hamcrest\hamcrest-all\1.3\hamcrest-all-1.3.jar;"/>
    <property name="java.vm.vendor" value="Oracle Corporation"/>
    <property name="sun.arch.data.model" value="64"/>
    <property name="user.variant" value=""/>
    <property name="java.vendor.url" value="https://java.oracle.com/"/>
    <property name="user.timezone" value="Europe/London"/>
    <property name="user.country.format" value="001"/>
    <property name="os.name" value="Windows 10"/>
    <property name="java.vm.specification.version" value="20"/>
    <property name="user.country" value="GB"/>
    <property name="sun.java.launcher" value="SUN_STANDARD"/>
    <property name="sun.boot.library.path" value="C:\Program Files\Java\jdk-20\bin"/>
    <property name="sun.java.command" value="C:\Users\Divin\AppData\Local\Temp\surefire16215387928478932256\surefirebooter-20231206231816343_3.jar C:\Users\Divin\AppData\Local\Temp\surefire16215387928478932256 2023-12-06T23-18-15_268-jvmRun1 surefire-20231206231816343_1tmp surefire_0-20231206231816343_2tmp"/>
    <property name="jdk.debug" value="release"/>
    <property name="test" value="com.mycompany.caesarscipher.CaesarsCipherTest"/>
    <property name="surefire.test.class.path" value="C:\Users\Divin\Documents\NetBeansProjects\caesarsCipher\target\test-classes;C:\Users\Divin\Documents\NetBeansProjects\caesarsCipher\target\classes;C:\Users\Divin\.m2\repository\org\junit\jupiter\junit-jupiter-api\5.6.0\junit-jupiter-api-5.6.0.jar;C:\Users\Divin\.m2\repository\org\apiguardian\apiguardian-api\1.1.0\apiguardian-api-1.1.0.jar;C:\Users\Divin\.m2\repository\org\opentest4j\opentest4j\1.2.0\opentest4j-1.2.0.jar;C:\Users\Divin\.m2\repository\org\junit\platform\junit-platform-commons\1.6.0\junit-platform-commons-1.6.0.jar;C:\Users\Divin\.m2\repository\org\junit\jupiter\junit-jupiter-params\5.6.0\junit-jupiter-params-5.6.0.jar;C:\Users\Divin\.m2\repository\org\junit\jupiter\junit-jupiter-engine\5.6.0\junit-jupiter-engine-5.6.0.jar;C:\Users\Divin\.m2\repository\org\junit\platform\junit-platform-engine\1.6.0\junit-platform-engine-1.6.0.jar;C:\Users\Divin\.m2\repository\org\hamcrest\hamcrest-all\1.3\hamcrest-all-1.3.jar;"/>
    <property name="sun.cpu.endian" value="little"/>
    <property name="user.home" value="C:\Users\Divin"/>
    <property name="user.language" value="en"/>
    <property name="java.specification.vendor" value="Oracle Corporation"/>
    <property name="java.version.date" value="2023-07-18"/>
    <property name="java.home" value="C:\Program Files\Java\jdk-20"/>
    <property name="file.separator" value="\"/>
    <property name="basedir" value="C:\Users\Divin\Documents\NetBeansProjects\caesarsCipher"/>
    <property name="java.vm.compressedOopsMode" value="Zero based"/>
    <property name="line.separator" value="&#10;"/>
    <property name="java.vm.specification.vendor" value="Oracle Corporation"/>
    <property name="java.specification.name" value="Java Platform API Specification"/>
    <property name="surefire.real.class.path" value="C:\Users\Divin\AppData\Local\Temp\surefire16215387928478932256\surefirebooter-20231206231816343_3.jar"/>
    <property name="user.script" value=""/>
    <property name="sun.management.compiler" value="HotSpot 64-Bit Tiered Compilers"/>
    <property name="java.runtime.version" value="20.0.2+9-78"/>
    <property name="user.name" value="Divin"/>
    <property name="stdout.encoding" value="Cp1252"/>
    <property name="path.separator" value=";"/>
    <property name="os.version" value="10.0"/>
    <property name="java.runtime.name" value="Java(TM) SE Runtime Environment"/>
    <property name="file.encoding" value="UTF-8"/>
    <property name="java.vm.name" value="Java HotSpot(TM) 64-Bit Server VM"/>
    <property name="maven.ext.class.path" value="C:\Program Files\NetBeans-19\netbeans\java\maven-nblib\netbeans-eventspy.jar"/>
    <property name="localRepository" value="C:\Users\Divin\.m2\repository"/>
    <property name="java.vendor.url.bug" value="https://bugreport.java.com/bugreport/"/>
    <property name="java.io.tmpdir" value="C:\Users\Divin\AppData\Local\Temp\"/>
    <property name="java.version" value="20.0.2"/>
    <property name="user.dir" value="C:\Users\Divin\Documents\NetBeansProjects\caesarsCipher"/>
    <property name="os.arch" value="amd64"/>
    <property name="java.vm.specification.name" value="Java Virtual Machine Specification"/>
    <property name="sun.os.patch.level" value=""/>
    <property name="native.encoding" value="Cp1252"/>
    <property name="java.library.path" value="C:\Program Files\Java\jdk-20\bin;C:\WINDOWS\Sun\Java\bin;C:\WINDOWS\system32;C:\WINDOWS;C:\Program Files\Common Files\Oracle\Java\javapath;C:\WINDOWS\system32;C:\WINDOWS;C:\WINDOWS\System32\Wbem;C:\WINDOWS\System32\WindowsPowerShell\v1.0\;C:\WINDOWS\System32\OpenSSH\;C:\Program Files\Java\jdk-19\bin;C:\Program Files\dotnet\;C:\Program Files\Docker\Docker\resources\bin;C:\Program Files\Git\cmd;C:\Users\Divin\AppData\Local\Programs\Python\Python311\Scripts\;C:\Users\Divin\AppData\Local\Programs\Python\Python311\;C:\Users\Divin\AppData\Local\Microsoft\WindowsApps;C:\Users\Divin\AppData\Local\Programs\Microsoft VS Code\bin;C:\Users\Divin\AppData\Local\GitHubDesktop\bin;."/>
    <property name="java.vm.info" value="mixed mode, sharing"/>
    <property name="stderr.encoding" value="Cp1252"/>
    <property name="java.vendor" value="Oracle Corporation"/>
    <property name="java.vm.version" value="20.0.2+9-78"/>
    <property name="sun.io.unicode.encoding" value="UnicodeLittle"/>
    <property name="java.class.version" value="64.0"/>
  </properties>
  <testcase name="test_differentIO" classname="com.mycompany.caesarscipher.CaesarsCipherTest" time="0.113">
    <system-out><![CDATA[MaEQaFEXQER%%%a2iela###
]]></system-out>
  </testcase>
  <testcase name="testOutputType" classname="com.mycompany.caesarscipher.CaesarsCipherTest" time="0.013">
    <system-out><![CDATA[JaBNaCBUNBO"""aZfbia999
]]></system-out>
  </testcase>
  <testcase name="testInputType" classname="com.mycompany.caesarscipher.CaesarsCipherTest" time="0.019"/>
  <testcase name="testInputExists" classname="com.mycompany.caesarscipher.CaesarsCipherTest" time="0.025"/>
  <testcase name="test_Encryption" classname="com.mycompany.caesarscipher.CaesarsCipherTest" time="0.013">
    <system-out><![CDATA[LaDPaEDWPDQ$$$a1hdka"""
]]></system-out>
  </testcase>
  <testcase name="test_nNumberSpecifier" classname="com.mycompany.caesarscipher.CaesarsCipherTest" time="0.012">
    <system-out><![CDATA[PaHTaIH0THU(((a5lhoa&&&
JaBNaCBUNBO"""aZfbia999
MaEQaFEXQER%%%a2iela###
]]></system-out>
  </testcase>
  <testcase name="test_TakesInput" classname="com.mycompany.caesarscipher.CaesarsCipherTest" time="0.012"/>
  <testcase name="test_EncryptReturns" classname="com.mycompany.caesarscipher.CaesarsCipherTest" time="0.006">
    <system-out><![CDATA[QaIUaJI1UIV)))a6mipa'''
]]></system-out>
  </testcase>
  <testcase name="test_takesNegativeSpecifier" classname="com.mycompany.caesarscipher.CaesarsCipherTest" time="0.003">
    <system-out><![CDATA[aaaaaaaaaaaaaaaaa aaaaa
]]></system-out>
  </testcase>
  <testcase name="test_lenIO" classname="com.mycompany.caesarscipher.CaesarsCipherTest" time="0.009">
    <system-out><![CDATA[JaBNaCBUNBO"""aZfbia999
]]></system-out>
  </testcase>
</testsuite>